1576672436349	mozrunner::runner	INFO	Running command: "C:\\Program Files\\Mozilla Firefox\\firefox.exe" "-marionette" "-foreground" "-no-remote" "-profile" "C:\\Users\\WB-QLX~1\\AppData\\Local\\Temp\\rust_mozprofile5lLkyu"
1576672439867	addons.webextension.screenshots@mozilla.org	WARN	Loading extension 'screenshots@mozilla.org': Reading manifest: Invalid extension permission: mozillaAddons
1576672439868	addons.webextension.screenshots@mozilla.org	WARN	Loading extension 'screenshots@mozilla.org': Reading manifest: Invalid extension permission: telemetry
1576672439868	addons.webextension.screenshots@mozilla.org	WARN	Loading extension 'screenshots@mozilla.org': Reading manifest: Invalid extension permission: resource://pdf.js/
1576672439869	addons.webextension.screenshots@mozilla.org	WARN	Loading extension 'screenshots@mozilla.org': Reading manifest: Invalid extension permission: about:reader*
JavaScript error: resource://gre/modules/XULStore.jsm, line 66: Error: Can't find profile directory.
1576672445971	Marionette	INFO	Listening on port 64412
1576672446438	Marionette	WARN	TLS certificate errors will be ignored for this session
1576678105770	mozrunner::runner	INFO	Running command: "C:\\Program Files\\Mozilla Firefox\\firefox.exe" "-marionette" "-foreground" "-no-remote" "-profile" "C:\\Users\\WB-QLX~1\\AppData\\Local\\Temp\\rust_mozprofiler7aF6N"
1576678106970	addons.webextension.screenshots@mozilla.org	WARN	Loading extension 'screenshots@mozilla.org': Reading manifest: Invalid extension permission: mozillaAddons
1576678106970	addons.webextension.screenshots@mozilla.org	WARN	Loading extension 'screenshots@mozilla.org': Reading manifest: Invalid extension permission: telemetry
1576678106970	addons.webextension.screenshots@mozilla.org	WARN	Loading extension 'screenshots@mozilla.org': Reading manifest: Invalid extension permission: resource://pdf.js/
1576678106970	addons.webextension.screenshots@mozilla.org	WARN	Loading extension 'screenshots@mozilla.org': Reading manifest: Invalid extension permission: about:reader*
JavaScript error: resource://gre/modules/XULStore.jsm, line 66: Error: Can't find profile directory.
1576678110252	Marionette	INFO	Listening on port 51487
1576678110338	Marionette	WARN	TLS certificate errors will be ignored for this session
1576678115434	Marionette	INFO	Stopped listening on port 51487
[Parent 41556, Gecko_IOThread] WARNING: pipe error: 109: file z:/task_1568728986/build/src/ipc/chromium/src/chrome/common/ipc_channel_win.cc, line 341
[Child 24920, Chrome_ChildThread] WARNING: pipe error: 109: file z:/task_1568728986/build/src/ipc/chromium/src/chrome/common/ipc_channel_win.cc, line 341
[Child 61628, Chrome_ChildThread] WARNING: pipe error: 109: file z:/task_1568728986/build/src/ipc/chromium/src/chrome/common/ipc_channel_win.cc, line 341
[Child 61628, Chrome_ChildThread] WARNING: pipe error: 109: file z:/task_1568728986/build/src/ipc/chromium/src/chrome/common/ipc_channel_win.cc, line 341
[Child 48792, Chrome_ChildThread] WARNING: pipe error: 109: file z:/task_1568728986/build/src/ipc/chromium/src/chrome/common/ipc_channel_win.cc, line 341
[Child 48792, Chrome_ChildThread] WARNING: pipe error: 109: file z:/task_1568728986/build/src/ipc/chromium/src/chrome/common/ipc_channel_win.cc, line 341
[GPU 18476, Chrome_ChildThread] WARNING: pipe error: 109: file z:/task_1568728986/build/src/ipc/chromium/src/chrome/common/ipc_channel_win.cc, line 341

###!!! [Child][RunMessage] Error: Channel closing: too late to send/recv, messages will be lost

1576678153695	mozrunner::runner	INFO	Running command: "C:\\Program Files\\Mozilla Firefox\\firefox.exe" "-marionette" "-foreground" "-no-remote" "-profile" "C:\\Users\\WB-QLX~1\\AppData\\Local\\Temp\\rust_mozprofileKNeQej"
1576678154971	addons.webextension.screenshots@mozilla.org	WARN	Loading extension 'screenshots@mozilla.org': Reading manifest: Invalid extension permission: mozillaAddons
1576678154972	addons.webextension.screenshots@mozilla.org	WARN	Loading extension 'screenshots@mozilla.org': Reading manifest: Invalid extension permission: telemetry
1576678154972	addons.webextension.screenshots@mozilla.org	WARN	Loading extension 'screenshots@mozilla.org': Reading manifest: Invalid extension permission: resource://pdf.js/
1576678154972	addons.webextension.screenshots@mozilla.org	WARN	Loading extension 'screenshots@mozilla.org': Reading manifest: Invalid extension permission: about:reader*
JavaScript error: resource://gre/modules/XULStore.jsm, line 66: Error: Can't find profile directory.
1576678157992	Marionette	INFO	Listening on port 51544
1576678158087	Marionette	WARN	TLS certificate errors will be ignored for this session
1576678161456	Marionette	INFO	Stopped listening on port 51544
[Child 33876, Chrome_ChildThread] WARNING: pipe error: 109: file z:/task_1568728986/build/src/ipc/chromium/src/chrome/common/ipc_channel_win.cc, line 341
[Parent 60192, Gecko_IOThread] WARNING: file z:/task_1568728986/build/src/ipc/chromium/src/base/process_util_win.cc, line 160
[Child 22424, Chrome_ChildThread] WARNING: pipe error: 109: file z:/task_1568728986/build/src/ipc/chromium/src/chrome/common/ipc_channel_win.cc, line 341
[Child 22424, Chrome_ChildThread] WARNING: pipe error: 109: file z:/task_1568728986/build/src/ipc/chromium/src/chrome/common/ip[GPU 15928, Chrome_ChildThread] WARNING: pipe error: 109: file z:/ta
###!!! [Child][RunMessage] Error: Channel closing: too late to send/recv, messages will be lost

s1576678193776	mozrunner::runner	INFO	Running command: "C:\\Program Files\\Mozilla Firefox\\firefox.exe" "-marionette" "-foreground" "-no-remote" "-profile" "C:\\Users\\WB-QLX~1\\AppData\\Local\\Temp\\rust_mozprofileoCcSSH"
1576678194965	addons.webextension.screenshots@mozilla.org	WARN	Loading extension 'screenshots@mozilla.org': Reading manifest: Invalid extension permission: mozillaAddons
1576678194965	addons.webextension.screenshots@mozilla.org	WARN	Loading extension 'screenshots@mozilla.org': Reading manifest: Invalid extension permission: telemetry
1576678194965	addons.webextension.screenshots@mozilla.org	WARN	Loading extension 'screenshots@mozilla.org': Reading manifest: Invalid extension permission: resource://pdf.js/
1576678194965	addons.webextension.screenshots@mozilla.org	WARN	Loading extension 'screenshots@mozilla.org': Reading manifest: Invalid extension permission: about:reader*
JavaScript error: resource://gre/modules/XULStore.jsm, line 66: Error: Can't find profile directory.
1576678198145	Marionette	INFO	Listening on port 51602
1576678198243	Marionette	WARN	TLS certificate errors will be ignored for this session
1576678211657	Marionette	INFO	Stopped listening on port 51602
[Child 25024, Chrome_ChildThread] WARNING: pipe error: 109: file z:/task_1568728986/build/src/ipc/chromium/src/chrome/common/ipc_channel_win.cc, line 341
[Child 25024, Chrome_ChildThread] WARNING: pipe error: 109: file z:/task_1568728986/build/src/ipc/chromium/src/chrome/common/ipc_channel_win.cc, line 341
[Child 59720, Chrome_ChildThread] WARNING: pipe error: 109: file z:/task_1568728986/build/src/ipc/chromium/src/chrome/common/ipc_channel_win.cc, line 341
[Child 59720, Chrome_ChildThread] WARNING: pipe error: 109: file z:/task_1568728986/build/src/ipc/chromium/src/chrome/common/ipc_channel_win.cc, line 341
[Child 27072, Chrome_ChildThread] WARNING: pipe error: 109: file z:/task_1568728986/build/src/ipc/chromium/src/chrome/common/ipc_channel_win.cc, line 341
[Child 27072, Chrome_ChildThread] WARNING: pipe error: 109: file z:/task_1568728986/build/src/ipc/chromium/src/chrome/common/ipc
###!!! [Child][RunMessage] Error: Channel closing: too late to send/recv, messages will be lost

[GPU 3